# Logic :: Index :: Logical connectives :: Table

┌────┬────┰────┬────┬────┬────┬────┬────┬────┬────┬────┬────┬────┬────┬────┬────┬────┬────┐
│  𝒑            │   𝒒          ┃  F                │  ∧     │ ⇏          │  𝒑̅     │ ⇍          │ 𝒒̅             │ ⊕           │ ∨  │ ↓  │ ⟺    │  𝒒  │ ←  │ 𝒑      │ →  │  ↑           │ T           │
├────┼────┨────┼────┼────┼────┼────┼────┼────┼────┼────┼────┼────┼────┼────┼────┼────┼────┤
│ 1  │ 1  ┃ 0  │ 0  │ 0  │ 0  │ 0  │ 0  │ 0  │ 0  │ 1  │  1 │ 1  │  1 │  1 │  1 │  1 │  1 │
│ 1  │ 0  ┃ 0  │ 0  │ 0  │ 0  │ 1  │ 1  │ 1  │ 1  │ 0  │  0 │ 0  │  0 │  1 │  1 │  1 │  1 │
│ 0  │ 1  ┃ 0  │ 0  │ 1  │ 1  │ 0  │ 0  │ 1  │ 1  │ 0  │  0 │ 1  │  1 │  0 │  0 │  1 │  1 │
│ 0  │ 0  ┃ 0  │ 1  │ 0  │ 1  │ 0  │ 1  │ 0  │ 1  │ 0  │  1 │ 0  │  1 │  0 │  1 │  0 │  1 │
├────┼────┨────┼────┼────┼────┼────┼────┼────┼────┼────┼────┼────┼────┼────┼────┼────┼────┤
│1100│1010┃0000│0001│0010│0011│0100│0101│0110│0111│1000│1001│1010│1011│1100│1101│1110│1111│
├────┼────┨────┼────┼────┼────┼────┼────┼────┼────┼────┼────┼────┼────┼────┼────┼────┼────┤
│  C │  A ┃  0 │  1 │  2 │  3 │  4 │  5 │  6 │  7 │  8 │  9 │  A │  B │  C │  D │  E │  F │
└────┴────┸────┴────┴────┴────┴────┴────┴────┴────┴────┴────┴────┴────┴────┴────┴────┴────┘


┌────┬────┬────┬────┬────┬────┬────┬────┬────┬────┬────┬────┬────┬────┬────┬────┐
│ F  │ ∧  │ ⇏    │ P  │ ⇍    │ Q  │ ⊕     │ ∨  │ ↓  │ ⟺ │ Q̅  │ ←  │ P̅  │ →  │ ↑  │ T  │
├────┼────┼────┼────┼────┼────┼────┼────┼────┼────┼────┼────┼────┼────┼────┼────┤
│ 0  │ 0  │ 0  │ 0  │ 0  │ 0  │ 0  │ 0  │ 1  │  1 │ 1  │  1 │  1 │  1 │  1 │  1 │
│ 0  │ 0  │ 0  │ 0  │ 1  │ 1  │ 1  │ 1  │ 0  │  0 │ 0  │  0 │  1 │  1 │  1 │  1 │
│ 0  │ 0  │ 1  │ 1  │ 0  │ 0  │ 1  │ 1  │ 0  │  0 │ 1  │  1 │  0 │  0 │  1 │  1 │
│ 0  │ 1  │ 0  │ 1  │ 0  │ 1  │ 0  │ 1  │ 0  │  1 │ 0  │  1 │  0 │  1 │  0 │  1 │
├────┼────┼────┼────┼────┼────┼────┼────┼────┼────┼────┼────┼────┼────┼────┼────┤
│0000│0001│0010│0011│0100│0101│0110│0111│1000│1001│1010│1011│1100│1101│1110│1111│
├────┼────┼────┼────┼────┼────┼────┼────┼────┼────┼────┼────┼────┼────┼────┼────┤
│ A  │ B  │ C  │ D  │ E  │ F  │ G  │ H  │ H  │ G  │ F  │ E  │ D  │ C  │ B  │ A  │
├────┼────┼────┼────┼────┼────┼────┼────┼────┼────┼────┼────┼────┼────┼────┼────┤
│ A  │ B  │    │    │    │    │ D  │ B  │ C  │ D  │    │    │    │    │ C  │ A  │
├────┼────┼────┼────┼────┼────┼────┼────┼────┼────┼────┼────┼────┼────┼────┼────┤
│    │    │    │ x  │    │ x  │    │    │    │    │ x  │    │  x │    │    │    │
└────┴────┴────┴────┴────┴────┴────┴────┴────┴────┴────┴────┴────┴────┴────┴────┘

https://en.wikipedia.org/wiki/List_of_rules_of_inference
