# Timeline of contemporary mathematics



                                                                                          ├ Thomas Bayes 1701-1761 ───────────────────┤
                                              ├ Isaac Newton 1642-1727 ────────────────────────────────────────────────────┤
                        ├ Blaise Pascal 1623-1662 ─────────────────────────────┤
  ├ Johannes Kepler 1571-1630 ─────┤


──┼──────────┼──────────┼──────────┼──────────┼──────────┼──────────┼──────────┼──────────┼──────────┼──────────┼──────────┼──────────┼──────────┼──────────┼──────────┼──────────┼──────────┼──────────┼──────────┼──────────┼──────────┼──────────┼──────────┼
1571       1596       1623       1629       1630       1642       1646       1650       1662       1695       1701       1707       1716       1727       1761       1777       1786       1790       1809       1855       1868


             ├ Rene Descartes 1596-1650 ────────────────────────────┤
                                   ├ 1629-1695 Christiaan Huygens ───────────────────────────────────┤
                                                         ├ Gottfried Leibniz 1646-1716 ─────────────────────────┤
                                                                                                     ├ Leonhard Euler 1707-1783 ─────────────────┤


1912-1954 Alan Turing
1910-1910 Foundational debate on mathematics
1909-1994 Stephen Kleene
1909-1945 Gerhard Gentzen
1907-1989 John Rosser
1906-1978 Kurt Gödel
1903-1995 Alonzo Church
1897-1954 Emil Post
1878-1956 Jan Łukasiewicz
1872-1970 Bertrand Russell
1871-1953 Ernst Zermelo 
1864-1909 Hermann Minkowski
1862-1943 David Hilbert
1861-1947 Alfred Whitehead
1858-1932 Giuseppe Peano
1854-1912 Henri Poincaré
1849-1925 Felix Klein
1848-1925 Gottlob Frege
1845-1918 Georg Cantor
1839-1873 Hermann Hankel
1831-1916 Richard Dedekind
1826-1866 Bernhard Riemann
1809-1877 Hermann Graßmann
1790-1868 August Ferdinand Möbius
1777-1855 Carl Friedrich Gauß
1629-1695 Christiaan Huygens
1571-1630 Johannes Kepler
1596-1650 Rene Descartes
1623-1662 Blaise Pascal
1642-1727 Isaac Newton
1646-1716 Gottfried Leibniz
1701-1761 Thomas Bayes
1707-1783 Leonhard Euler





└ ┴ ┘ ─ ┌ ┬ ┐ │ ├ ┼ ┤


1571
1596

1623
1629
1630
1642
1646
1650
1662
1695

1701
1707
1716
1727
1761
1777
1783
1790

1809
1826
1831
1839
1845
1848
1849
1854
1855
1858
1861
1862
1864
1866
1868
1871
1872
1873
1877
1878
1897

1903
1906
1907
1909
1909
1909
1912
1912
1916
1918
1925
1925
1932
1943
1945
1947
1953
1954
1954
1956
1970
1978
1989
1994
1995
