# Timeline of mathematics


                                    ┼────────────────────────────────────────── BCE (approx. years)
                                    ┼ 500 The Pythagoreans
                                    ┼ 300 Euclid "Elements"
                                    ┼ 212
                                    ┼ 287
                                    │
                                    │
287-212 Archimedes                  ┼ 
                                    │
                                    ┼
                                    │
                                    ┼
                                    │
                                    ┼────────────────────────────────────────── CE
                                    │
780-850 Muhammad al-Khwarizmi       ┼ 
                                    │
                                    │
                                  ┌─┼ 1550
                     John Napier ─┤ │
                                  └─┼ 1617
                                    ┼ 1571
                                    ┼ 1630
                                    ┼ 1596
                                    ┼ 1650
                                    ┼ 1623
                                    ┼ 1662
                                    ┼ 1642
                                    ┼ 1727
                                    ┼ 1646
                                    ┼ 1716
                                    ┼ 1701
                                    ┼ 1761
                                    ┼ 1707
                                    ┼ 1786
                                    ┼ 
                                    ┼ 
                                    ┼ 
                                    ┼ 
                                    │
                                    │
                                    │
                                    ┼ 
1550-1617 John Napier               ┼ 1550-1617 John Napier: Concept of logarith
1571-1630 Johannes Kepler           ┼ 
1596-1650 Rene Descartes            ┼ 
1623-1662 Blaise Pascal             ┼ 
1642-1727 Isaac Newton              ┼ 
1646-1716 Gottfried Leibniz         ┼ 
1701-1761 Thomas Bayes              ┼ 
1707-1783 Leonhard Euler            ┼ 
                                    ┼
                                    │
                                    ┼
                                    │
                                    │
                                    ┼
                                    │
                                    ┼
                                    │
                                    │
                                    ┼ 1879 Frege "Begriffsschrift"
                                    │
                                    ┼ 1902 Russell and Whitehead "Principia Mathematica"
                                    │
                                    ┼ 1908 First statement of ZF axioms by Zermelo and Fraenkell 
                                    │
                                    │
                                    ┼ 1910 to 1930 Foundational debate on mathematics
                                    ┼ 1910 L.E.J. Brouwer develops intuitionism
                                    │
                                    ┼ 1928 Entscheidungsproblem posed by David Hilbert and Wilhelm Ackermann
                                    ┼ 1930 Ernst Zermelo and Abraham Fraenkell state the definitive ZF axioms
                                    │
                                    ┼
                                    │
                                    ┼
                                    │
                                    ┼
                                    │
                                  ┌─┼
                                 ─┤ │
                                  └─┼
                                    │
                                    │
                                    │
                                    │

└ ┴ ┘ ─ ┌ ┬ ┐ │ ├ ┼ ┤
